<?xml version="1.0" encoding="UTF-8"?>
<testng-results skipped="0" failed="0" total="1" passed="1">
  <reporter-output>
  </reporter-output>
  <suite name="Default suite" duration-ms="12370" started-at="2018-03-27T16:13:18Z" finished-at="2018-03-27T16:13:31Z">
    <groups>
    </groups>
    <test name="Default test" duration-ms="12370" started-at="2018-03-27T16:13:18Z" finished-at="2018-03-27T16:13:31Z">
      <class name="com.phptravels.tests.LoginTests">
        <test-method status="PASS" signature="verify_LoginPage()[pri:0, instance:com.phptravels.tests.LoginTests@39aeed2f]" name="verify_LoginPage" duration-ms="12333" started-at="2018-03-27T21:43:18Z" finished-at="2018-03-27T21:43:31Z">
          <reporter-output>
          </reporter-output>
        </test-method> <!-- verify_LoginPage -->
      </class> <!-- com.phptravels.tests.LoginTests -->
    </test> <!-- Default test -->
  </suite> <!-- Default suite -->
</testng-results>
